<?xml version="1.0" encoding="UTF-8"?>
<testsuite name="ScrabbleTest" tests="4" skipped="0" failures="0" errors="0" timestamp="2017-06-28T16:20:53" hostname="epicodus-8.local" time="0.003">
  <properties/>
  <testcase name="calculateScore_returnScoreForMultipleOnePointers_10" classname="ScrabbleTest" time="0.002"/>
  <testcase name="calculateScore_returnScoreForMultipleTwoPointers_10" classname="ScrabbleTest" time="0.0"/>
  <testcase name="calculateScore_returnScoreForSingleLetter_1" classname="ScrabbleTest" time="0.0"/>
  <testcase name="calculateScore_returnScoreForMultipleOfSame_3" classname="ScrabbleTest" time="0.001"/>
  <system-out><![CDATA[]]></system-out>
  <system-err><![CDATA[]]></system-err>
</testsuite>
